# JRE version: OpenJDK Runtime Environment (8.0_202) (build 1.8.0_202-release-1483-b49-5587405)
# Java VM: OpenJDK 64-Bit Server VM (25.202-b49-5587405 mixed mode linux-amd64 compressed oops)
Heap:
 PSYoungGen      total 375296K, used 12763K [0x00000000e0000000, 0x00000000f8700000, 0x0000000100000000)
  eden space 350208K, 0% used [0x00000000e0000000,0x00000000e0000000,0x00000000f5600000)
  from space 25088K, 50% used [0x00000000f5600000,0x00000000f6276e98,0x00000000f6e80000)
  to   space 18432K, 0% used [0x00000000f7500000,0x00000000f7500000,0x00000000f8700000)
 ParOldGen       total 118272K, used 62625K [0x00000000a0000000, 0x00000000a7380000, 0x00000000e0000000)
  object space 118272K, 52% used [0x00000000a0000000,0x00000000a3d28438,0x00000000a7380000)
 Metaspace       used 83765K, capacity 87086K, committed 87424K, reserved 1124352K
  class space    used 11125K, capacity 11783K, committed 11904K, reserved 1048576K
GC Heap History (10 events):
Event: 16.815 GC heap after
Heap after GC invocations=16 (full 3):
 PSYoungGen      total 181248K, used 0K [0x00000000e0000000, 0x00000000f1680000, 0x0000000100000000)
  eden space 164352K, 0% used [0x00000000e0000000,0x00000000e0000000,0x00000000ea080000)
  from space 16896K, 0% used [0x00000000ea080000,0x00000000ea080000,0x00000000eb100000)
  to   space 16896K, 0% used [0x00000000f0600000,0x00000000f0600000,0x00000000f1680000)
 ParOldGen       total 77312K, used 33523K [0x00000000a0000000, 0x00000000a4b80000, 0x00000000e0000000)
  object space 77312K, 43% used [0x00000000a0000000,0x00000000a20bce98,0x00000000a4b80000)
 Metaspace       used 57422K, capacity 58936K, committed 59096K, reserved 1099776K
  class space    used 7814K, capacity 8208K, committed 8320K, reserved 1048576K
}
Event: 20.460 GC heap before
{Heap before GC invocations=17 (full 3):
 PSYoungGen      total 181248K, used 164352K [0x00000000e0000000, 0x00000000f1680000, 0x0000000100000000)
  eden space 164352K, 100% used [0x00000000e0000000,0x00000000ea080000,0x00000000ea080000)
  from space 16896K, 0% used [0x00000000ea080000,0x00000000ea080000,0x00000000eb100000)
  to   space 16896K, 0% used [0x00000000f0600000,0x00000000f0600000,0x00000000f1680000)
 ParOldGen       total 77312K, used 33523K [0x00000000a0000000, 0x00000000a4b80000, 0x00000000e0000000)
  object space 77312K, 43% used [0x00000000a0000000,0x00000000a20bce98,0x00000000a4b80000)
 Metaspace       used 61437K, capacity 63452K, committed 63744K, reserved 1103872K
  class space    used 8343K, capacity 8838K, committed 8960K, reserved 1048576K
Event: 20.514 GC heap after
Heap after GC invocations=17 (full 3):
 PSYoungGen      total 261632K, used 16864K [0x00000000e0000000, 0x00000000f1a00000, 0x0000000100000000)
  eden space 244736K, 0% used [0x00000000e0000000,0x00000000e0000000,0x00000000eef00000)
  from space 16896K, 99% used [0x00000000f0600000,0x00000000f1678040,0x00000000f1680000)
  to   space 22016K, 0% used [0x00000000eef00000,0x00000000eef00000,0x00000000f0480000)
 ParOldGen       total 77312K, used 39943K [0x00000000a0000000, 0x00000000a4b80000, 0x00000000e0000000)
  object space 77312K, 51% used [0x00000000a0000000,0x00000000a2701d50,0x00000000a4b80000)
 Metaspace       used 61437K, capacity 63452K, committed 63744K, reserved 1103872K
  class space    used 8343K, capacity 8838K, committed 8960K, reserved 1048576K
}
Event: 79.951 GC heap before
{Heap before GC invocations=18 (full 3):
 PSYoungGen      total 261632K, used 261600K [0x00000000e0000000, 0x00000000f1a00000, 0x0000000100000000)
  eden space 244736K, 100% used [0x00000000e0000000,0x00000000eef00000,0x00000000eef00000)
  from space 16896K, 99% used [0x00000000f0600000,0x00000000f1678040,0x00000000f1680000)
  to   space 22016K, 0% used [0x00000000eef00000,0x00000000eef00000,0x00000000f0480000)
 ParOldGen       total 77312K, used 39943K [0x00000000a0000000, 0x00000000a4b80000, 0x00000000e0000000)
  object space 77312K, 51% used [0x00000000a0000000,0x00000000a2701d50,0x00000000a4b80000)
 Metaspace       used 69919K, capacity 72546K, committed 72704K, reserved 1112064K
  class space    used 9331K, capacity 9909K, committed 9984K, reserved 1048576K
Event: 80.161 GC heap after
Heap after GC invocations=18 (full 3):
 PSYoungGen      total 266752K, used 18428K [0x00000000e0000000, 0x00000000f8c80000, 0x0000000100000000)
  eden space 244736K, 0% used [0x00000000e0000000,0x00000000e0000000,0x00000000eef00000)
  from space 22016K, 83% used [0x00000000eef00000,0x00000000f00ff3b8,0x00000000f0480000)
  to   space 24064K, 0% used [0x00000000f7500000,0x00000000f7500000,0x00000000f8c80000)
 ParOldGen       total 77312K, used 53230K [0x00000000a0000000, 0x00000000a4b80000, 0x00000000e0000000)
  object space 77312K, 68% used [0x00000000a0000000,0x00000000a33fba28,0x00000000a4b80000)
 Metaspace       used 69919K, capacity 72546K, committed 72704K, reserved 1112064K
  class space    used 9331K, capacity 9909K, committed 9984K, reserved 1048576K
}
Event: 97.766 GC heap before
{Heap before GC invocations=19 (full 3):
 PSYoungGen      total 266752K, used 263164K [0x00000000e0000000, 0x00000000f8c80000, 0x0000000100000000)
  eden space 244736K, 100% used [0x00000000e0000000,0x00000000eef00000,0x00000000eef00000)
  from space 22016K, 83% used [0x00000000eef00000,0x00000000f00ff3b8,0x00000000f0480000)
  to   space 24064K, 0% used [0x00000000f7500000,0x00000000f7500000,0x00000000f8c80000)
 ParOldGen       total 77312K, used 53230K [0x00000000a0000000, 0x00000000a4b80000, 0x00000000e0000000)
  object space 77312K, 68% used [0x00000000a0000000,0x00000000a33fba28,0x00000000a4b80000)
 Metaspace       used 75890K, capacity 78622K, committed 78720K, reserved 1118208K
  class space    used 9986K, capacity 10563K, committed 10624K, reserved 1048576K
Event: 97.834 GC heap after
Heap after GC invocations=19 (full 3):
 PSYoungGen      total 368640K, used 16361K [0x00000000e0000000, 0x00000000f8700000, 0x0000000100000000)
  eden space 350208K, 0% used [0x00000000e0000000,0x00000000e0000000,0x00000000f5600000)
  from space 18432K, 88% used [0x00000000f7500000,0x00000000f84fa658,0x00000000f8700000)
  to   space 25088K, 0% used [0x00000000f5600000,0x00000000f5600000,0x00000000f6e80000)
 ParOldGen       total 77312K, used 65630K [0x00000000a0000000, 0x00000000a4b80000, 0x00000000e0000000)
  object space 77312K, 84% used [0x00000000a0000000,0x00000000a4017af0,0x00000000a4b80000)
 Metaspace       used 75890K, capacity 78622K, committed 78720K, reserved 1118208K
  class space    used 9986K, capacity 10563K, committed 10624K, reserved 1048576K
}
Event: 97.834 GC heap before
{Heap before GC invocations=20 (full 4):
 PSYoungGen      total 368640K, used 16361K [0x00000000e0000000, 0x00000000f8700000, 0x0000000100000000)
  eden space 350208K, 0% used [0x00000000e0000000,0x00000000e0000000,0x00000000f5600000)
  from space 18432K, 88% used [0x00000000f7500000,0x00000000f84fa658,0x00000000f8700000)
  to   space 25088K, 0% used [0x00000000f5600000,0x00000000f5600000,0x00000000f6e80000)
 ParOldGen       total 77312K, used 65630K [0x00000000a0000000, 0x00000000a4b80000, 0x00000000e0000000)
  object space 77312K, 84% used [0x00000000a0000000,0x00000000a4017af0,0x00000000a4b80000)
 Metaspace       used 75890K, capacity 78622K, committed 78720K, reserved 1118208K
  class space    used 9986K, capacity 10563K, committed 10624K, reserved 1048576K
Event: 98.220 GC heap after
Heap after GC invocations=20 (full 4):
 PSYoungGen      total 368640K, used 0K [0x00000000e0000000, 0x00000000f8700000, 0x0000000100000000)
  eden space 350208K, 0% used [0x00000000e0000000,0x00000000e0000000,0x00000000f5600000)
  from space 18432K, 0% used [0x00000000f7500000,0x00000000f7500000,0x00000000f8700000)
  to   space 25088K, 0% used [0x00000000f5600000,0x00000000f5600000,0x00000000f6e80000)
 ParOldGen       total 118272K, used 62617K [0x00000000a0000000, 0x00000000a7380000, 0x00000000e0000000)
  object space 118272K, 52% used [0x00000000a0000000,0x00000000a3d26438,0x00000000a7380000)
 Metaspace       used 75819K, capacity 78420K, committed 78720K, reserved 1118208K
  class space    used 9964K, capacity 10524K, committed 10624K, reserved 1048576K
}
Event: 183.050 GC heap before
{Heap before GC invocations=21 (full 4):
 PSYoungGen      total 368640K, used 350208K [0x00000000e0000000, 0x00000000f8700000, 0x0000000100000000)
  eden space 350208K, 100% used [0x00000000e0000000,0x00000000f5600000,0x00000000f5600000)
  from space 18432K, 0% used [0x00000000f7500000,0x00000000f7500000,0x00000000f8700000)
  to   space 25088K, 0% used [0x00000000f5600000,0x00000000f5600000,0x00000000f6e80000)
 ParOldGen       total 118272K, used 62617K [0x00000000a0000000, 0x00000000a7380000, 0x00000000e0000000)
  object space 118272K, 52% used [0x00000000a0000000,0x00000000a3d26438,0x00000000a7380000)
 Metaspace       used 83765K, capacity 87086K, committed 87424K, reserved 1124352K
  class space    used 11125K, capacity 11783K, committed 11904K, reserved 1048576K

